2018-06-19 15:17:21,973 - host_hl7 - ERROR - (1054, "Unknown column 'order_id' in 'field list'")
2018-06-19 15:17:31,891 - host_hl7 - ERROR - (1054, "Unknown column 'order_id' in 'field list'")
2018-06-19 15:26:24,213 - host_hl7 - ERROR - (1054, "Unknown column 'test_id' in 'field list'")
2018-06-19 15:42:37,058 - host_hl7 - ERROR - (1146, "Table 'ciremai.result' doesn't exist")
2018-06-19 15:42:37,105 - host_hl7 - ERROR - (1146, "Table 'ciremai.result' doesn't exist")
2018-06-19 15:42:37,167 - host_hl7 - ERROR - (1146, "Table 'ciremai.result' doesn't exist")
2018-06-19 15:42:37,213 - host_hl7 - ERROR - (1146, "Table 'ciremai.result' doesn't exist")
2018-06-19 15:43:06,625 - host_hl7 - ERROR - (1054, "Unknown column 'techval_user' in 'field list'")
2018-06-19 15:43:06,673 - host_hl7 - ERROR - (1054, "Unknown column 'techval_user' in 'field list'")
2018-06-19 15:43:06,734 - host_hl7 - ERROR - (1054, "Unknown column 'techval_user' in 'field list'")
2018-06-19 15:43:06,782 - host_hl7 - ERROR - (1054, "Unknown column 'techval_user' in 'field list'")
2018-06-19 15:47:49,812 - host_hl7 - ERROR - (1064, "You have an error in your SQL syntax; check the manual that corresponds to your MySQL server version for the right syntax to use near 'medval_user = 'HOST' AND techval_date = '2018-06-19 14:22:20' AND medval_date = ' at line 1")
2018-06-19 15:47:49,874 - host_hl7 - ERROR - (1064, "You have an error in your SQL syntax; check the manual that corresponds to your MySQL server version for the right syntax to use near 'medval_user = 'HOST' AND techval_date = '2018-06-19 14:22:20' AND medval_date = ' at line 1")
2018-06-19 15:47:49,936 - host_hl7 - ERROR - (1064, "You have an error in your SQL syntax; check the manual that corresponds to your MySQL server version for the right syntax to use near 'medval_user = 'HOST' AND techval_date = '2018-06-19 14:22:20' AND medval_date = ' at line 1")
2018-06-19 15:47:49,999 - host_hl7 - ERROR - (1064, "You have an error in your SQL syntax; check the manual that corresponds to your MySQL server version for the right syntax to use near 'medval_user = 'HOST' AND techval_date = '2018-06-19 14:28:85' AND medval_date = ' at line 1")
2018-06-19 15:57:52,305 - host_hl7 - ERROR - (1292, "Incorrect datetime value: '2018-06-19 14:28:85' for column 'techval_date' at row 1")
2018-06-19 15:59:46,065 - host_hl7 - ERROR - (1292, "Incorrect datetime value: '2018-06-19 14:28:85' for column 'techval_date' at row 1")
2018-06-19 16:14:54,141 - host_hl7 - ERROR - (1064, "You have an error in your SQL syntax; check the manual that corresponds to your MySQL server version for the right syntax to use near '1UPDATE middleware_orderresults SET result_id = '894',ref_range = '10-15', unit ' at line 1")
2018-06-19 16:14:54,220 - host_hl7 - ERROR - (1064, "You have an error in your SQL syntax; check the manual that corresponds to your MySQL server version for the right syntax to use near '1UPDATE middleware_orderresults SET result_id = '895',ref_range = '21-45', unit ' at line 1")
2018-06-19 16:14:54,298 - host_hl7 - ERROR - (1064, "You have an error in your SQL syntax; check the manual that corresponds to your MySQL server version for the right syntax to use near '1UPDATE middleware_orderresults SET result_id = '896',ref_range = '', unit = '',' at line 1")
2018-06-19 16:14:54,375 - host_hl7 - ERROR - (1064, "You have an error in your SQL syntax; check the manual that corresponds to your MySQL server version for the right syntax to use near '1UPDATE middleware_orderresults SET result_id = '897',ref_range = '60-140', unit' at line 1")
